[2017-02-22 19:27:42.561] [DEBUG] cheese - Got cheese.
[2017-02-22 19:27:42.576] [INFO] cheese - Cheese is Gouda.
[2017-02-22 19:27:42.577] [WARN] cheese - Cheese is quite smelly.
[2017-02-22 19:27:42.577] [ERROR] cheese - Cheese is too ripe!
[2017-02-22 19:27:42.577] [FATAL] cheese - Cheese was breeding ground for listeria.
[2017-02-22 19:28:10.482] [DEBUG] cheese - Got cheese.
[2017-02-22 19:28:10.497] [INFO] cheese - Cheese is Gouda.
[2017-02-22 19:28:10.498] [WARN] cheese - Cheese is quite smelly.
[2017-02-22 19:28:10.498] [ERROR] cheese - Cheese is too ripe!
[2017-02-22 19:28:10.498] [FATAL] cheese - Cheese was breeding ground for listeria.
[2017-02-22 19:29:29.772] [DEBUG] cheese - Got cheese.
[2017-02-22 19:29:29.785] [INFO] cheese - Cheese is Gouda.
[2017-02-22 19:29:29.787] [WARN] cheese - Cheese is quite smelly.
[2017-02-22 19:29:29.788] [ERROR] cheese - Cheese is too ripe!
[2017-02-22 19:29:29.788] [FATAL] cheese - Cheese was breeding ground for listeria.
[2017-02-22 19:32:44.037] [DEBUG] cheese - Got cheese.
[2017-02-22 19:32:44.054] [INFO] cheese - Cheese is Gouda.
[2017-02-22 19:32:44.055] [WARN] cheese - Cheese is quite smelly.
[2017-02-22 19:32:44.055] [ERROR] cheese - Cheese is too ripe!
[2017-02-22 19:32:44.055] [FATAL] cheese - Cheese was breeding ground for listeria.
[2017-02-22 19:32:46.213] [ERROR] cheese - Got cheese.
[2017-02-22 19:33:05.905] [DEBUG] cheese - Got cheese.
[2017-02-22 19:33:05.914] [INFO] cheese - Cheese is Gouda.
[2017-02-22 19:33:05.915] [WARN] cheese - Cheese is quite smelly.
[2017-02-22 19:33:05.915] [ERROR] cheese - Cheese is too ripe!
[2017-02-22 19:33:05.915] [FATAL] cheese - Cheese was breeding ground for listeria.
[2017-02-22 19:33:35.917] [DEBUG] cheese - Got cheese.
[2017-02-22 19:33:35.929] [INFO] cheese - Cheese is Gouda.
[2017-02-22 19:33:35.930] [WARN] cheese - Cheese is quite smelly.
[2017-02-22 19:33:35.932] [ERROR] cheese - Cheese is too ripe!
[2017-02-22 19:33:35.932] [FATAL] cheese - Cheese was breeding ground for listeria.
[2017-02-22 19:34:06.025] [DEBUG] cheese - Got cheese.
[2017-02-22 19:34:06.041] [INFO] cheese - Cheese is Gouda.
[2017-02-22 19:34:06.043] [WARN] cheese - Cheese is quite smelly.
[2017-02-22 19:34:06.043] [ERROR] cheese - Cheese is too ripe!
[2017-02-22 19:34:06.043] [FATAL] cheese - Cheese was breeding ground for listeria.
[2017-02-22 19:34:08.466] [ERROR] cheese - Got cheese.
[2017-02-22 19:35:55.120] [DEBUG] cheese - Got cheese.
[2017-02-22 19:35:55.136] [INFO] cheese - Cheese is Gouda.
[2017-02-22 19:35:55.138] [WARN] cheese - Cheese is quite smelly.
[2017-02-22 19:35:55.138] [ERROR] cheese - Cheese is too ripe!
[2017-02-22 19:35:55.139] [FATAL] cheese - Cheese was breeding ground for listeria.
[2017-02-22 19:36:17.208] [ERROR] cheese - Got cheese.
[2017-02-22 19:37:27.243] [DEBUG] cheese - Got cheese.
[2017-02-22 19:37:27.254] [INFO] cheese - Cheese is Gouda.
[2017-02-22 19:37:27.254] [WARN] cheese - Cheese is quite smelly.
[2017-02-22 19:37:27.255] [ERROR] cheese - Cheese is too ripe!
[2017-02-22 19:37:27.255] [FATAL] cheese - Cheese was breeding ground for listeria.
[2017-02-22 19:55:34.515] [DEBUG] cheese - Got cheese.
[2017-02-22 19:55:34.533] [INFO] cheese - Cheese is Gouda.
[2017-02-22 19:55:34.534] [WARN] cheese - Cheese is quite smelly.
[2017-02-22 19:55:34.535] [ERROR] cheese - Cheese is too ripe!
[2017-02-22 19:55:34.535] [FATAL] cheese - Cheese was breeding ground for listeria.
[2017-02-22 20:03:52.041] [DEBUG] cheese - Got cheese.
[2017-02-22 20:03:52.060] [INFO] cheese - Cheese is Gouda.
[2017-02-22 20:03:52.061] [WARN] cheese - Cheese is quite smelly.
[2017-02-22 20:03:52.062] [ERROR] cheese - Cheese is too ripe!
[2017-02-22 20:03:52.062] [FATAL] cheese - Cheese was breeding ground for listeria.
[2017-02-22 20:31:00.495] [DEBUG] cheese - Got cheese.
[2017-02-22 20:31:00.510] [INFO] cheese - Cheese is Gouda.
[2017-02-22 20:31:00.512] [WARN] cheese - Cheese is quite smelly.
[2017-02-22 20:31:00.512] [ERROR] cheese - Cheese is too ripe!
[2017-02-22 20:31:00.512] [FATAL] cheese - Cheese was breeding ground for listeria.
[2017-02-22 20:41:17.262] [DEBUG] cheese - Got cheese.
[2017-02-22 20:41:17.278] [INFO] cheese - Cheese is Gouda.
[2017-02-22 20:41:17.279] [WARN] cheese - Cheese is quite smelly.
[2017-02-22 20:41:17.279] [ERROR] cheese - Cheese is too ripe!
[2017-02-22 20:41:17.280] [FATAL] cheese - Cheese was breeding ground for listeria.
[2017-02-22 20:42:48.305] [DEBUG] cheese - Got cheese.
[2017-02-22 20:42:48.317] [INFO] cheese - Cheese is Gouda.
[2017-02-22 20:42:48.318] [WARN] cheese - Cheese is quite smelly.
[2017-02-22 20:42:48.318] [ERROR] cheese - Cheese is too ripe!
[2017-02-22 20:42:48.319] [FATAL] cheese - Cheese was breeding ground for listeria.
[2017-02-22 20:45:37.496] [DEBUG] cheese - Got cheese.
[2017-02-22 20:45:37.505] [INFO] cheese - Cheese is Gouda.
[2017-02-22 20:45:37.506] [WARN] cheese - Cheese is quite smelly.
[2017-02-22 20:45:37.506] [ERROR] cheese - Cheese is too ripe!
[2017-02-22 20:45:37.507] [FATAL] cheese - Cheese was breeding ground for listeria.
[2017-02-22 20:50:35.702] [DEBUG] cheese - Got cheese.
[2017-02-22 20:50:35.711] [INFO] cheese - Cheese is Gouda.
[2017-02-22 20:50:35.712] [WARN] cheese - Cheese is quite smelly.
[2017-02-22 20:50:35.712] [ERROR] cheese - Cheese is too ripe!
[2017-02-22 20:50:35.714] [FATAL] cheese - Cheese was breeding ground for listeria.
[2017-02-22 20:52:39.622] [DEBUG] cheese - Got cheese.
[2017-02-22 20:52:39.632] [INFO] cheese - Cheese is Gouda.
[2017-02-22 20:52:39.633] [WARN] cheese - Cheese is quite smelly.
[2017-02-22 20:52:39.633] [ERROR] cheese - Cheese is too ripe!
[2017-02-22 20:52:39.634] [FATAL] cheese - Cheese was breeding ground for listeria.
[2017-02-22 20:53:35.650] [DEBUG] cheese - Got cheese.
[2017-02-22 20:53:35.663] [INFO] cheese - Cheese is Gouda.
[2017-02-22 20:53:35.664] [WARN] cheese - Cheese is quite smelly.
[2017-02-22 20:53:35.664] [ERROR] cheese - Cheese is too ripe!
[2017-02-22 20:53:35.664] [FATAL] cheese - Cheese was breeding ground for listeria.
[2017-02-22 20:56:19.211] [DEBUG] cheese - Got cheese.
[2017-02-22 20:56:19.226] [INFO] cheese - Cheese is Gouda.
[2017-02-22 20:56:19.227] [WARN] cheese - Cheese is quite smelly.
[2017-02-22 20:56:19.228] [ERROR] cheese - Cheese is too ripe!
[2017-02-22 20:56:19.228] [FATAL] cheese - Cheese was breeding ground for listeria.
[2017-02-22 20:59:12.342] [DEBUG] cheese - Got cheese.
[2017-02-22 20:59:12.354] [INFO] cheese - Cheese is Gouda.
[2017-02-22 20:59:12.354] [WARN] cheese - Cheese is quite smelly.
[2017-02-22 20:59:12.355] [ERROR] cheese - Cheese is too ripe!
[2017-02-22 20:59:12.355] [FATAL] cheese - Cheese was breeding ground for listeria.
[2017-02-22 21:03:17.403] [DEBUG] cheese - Got cheese.
[2017-02-22 21:03:17.417] [INFO] cheese - Cheese is Gouda.
[2017-02-22 21:03:17.418] [WARN] cheese - Cheese is quite smelly.
[2017-02-22 21:03:17.418] [ERROR] cheese - Cheese is too ripe!
[2017-02-22 21:03:17.418] [FATAL] cheese - Cheese was breeding ground for listeria.
[2017-02-22 21:06:29.517] [DEBUG] cheese - Got cheese.
[2017-02-22 21:06:29.526] [INFO] cheese - Cheese is Gouda.
[2017-02-22 21:06:29.527] [WARN] cheese - Cheese is quite smelly.
[2017-02-22 21:06:29.527] [ERROR] cheese - Cheese is too ripe!
[2017-02-22 21:06:29.528] [FATAL] cheese - Cheese was breeding ground for listeria.
[2017-02-22 21:09:51.054] [DEBUG] cheese - Got cheese.
[2017-02-22 21:09:51.070] [INFO] cheese - Cheese is Gouda.
[2017-02-22 21:09:51.073] [WARN] cheese - Cheese is quite smelly.
[2017-02-22 21:09:51.073] [ERROR] cheese - Cheese is too ripe!
[2017-02-22 21:09:51.073] [FATAL] cheese - Cheese was breeding ground for listeria.
[2017-02-22 21:20:14.493] [DEBUG] cheese - Got cheese.
[2017-02-22 21:20:14.501] [INFO] cheese - Cheese is Gouda.
[2017-02-22 21:20:14.502] [WARN] cheese - Cheese is quite smelly.
[2017-02-22 21:20:14.502] [ERROR] cheese - Cheese is too ripe!
[2017-02-22 21:20:14.502] [FATAL] cheese - Cheese was breeding ground for listeria.
[2017-02-22 21:20:31.573] [ERROR] cheese - Got cheese.
[2017-02-22 21:23:26.373] [DEBUG] cheese - Got cheese.
[2017-02-22 21:23:26.390] [INFO] cheese - Cheese is Gouda.
[2017-02-22 21:23:26.392] [WARN] cheese - Cheese is quite smelly.
[2017-02-22 21:23:26.393] [ERROR] cheese - Cheese is too ripe!
[2017-02-22 21:23:26.393] [FATAL] cheese - Cheese was breeding ground for listeria.
[2017-02-22 21:23:35.129] [ERROR] cheese - Got cheese.
[2017-02-22 21:25:39.750] [DEBUG] cheese - Got cheese.
[2017-02-22 21:25:39.763] [INFO] cheese - Cheese is Gouda.
[2017-02-22 21:25:39.765] [WARN] cheese - Cheese is quite smelly.
[2017-02-22 21:25:39.766] [ERROR] cheese - Cheese is too ripe!
[2017-02-22 21:25:39.766] [FATAL] cheese - Cheese was breeding ground for listeria.
[2017-02-22 21:36:18.997] [DEBUG] cheese - Got cheese.
[2017-02-22 21:36:19.012] [INFO] cheese - Cheese is Gouda.
[2017-02-22 21:36:19.013] [WARN] cheese - Cheese is quite smelly.
[2017-02-22 21:36:19.014] [ERROR] cheese - Cheese is too ripe!
[2017-02-22 21:36:19.014] [FATAL] cheese - Cheese was breeding ground for listeria.
[2017-02-22 21:37:16.962] [DEBUG] cheese - Got cheese.
[2017-02-22 21:37:16.974] [INFO] cheese - Cheese is Gouda.
[2017-02-22 21:37:16.975] [WARN] cheese - Cheese is quite smelly.
[2017-02-22 21:37:16.975] [ERROR] cheese - Cheese is too ripe!
[2017-02-22 21:37:16.976] [FATAL] cheese - Cheese was breeding ground for listeria.
[2017-02-22 21:38:23.723] [DEBUG] cheese - Got cheese.
[2017-02-22 21:38:23.735] [INFO] cheese - Cheese is Gouda.
[2017-02-22 21:38:23.736] [WARN] cheese - Cheese is quite smelly.
[2017-02-22 21:38:23.736] [ERROR] cheese - Cheese is too ripe!
[2017-02-22 21:38:23.736] [FATAL] cheese - Cheese was breeding ground for listeria.
[2017-02-22 21:41:19.128] [DEBUG] cheese - Got cheese.
[2017-02-22 21:41:19.144] [INFO] cheese - Cheese is Gouda.
[2017-02-22 21:41:19.146] [WARN] cheese - Cheese is quite smelly.
[2017-02-22 21:41:19.146] [ERROR] cheese - Cheese is too ripe!
[2017-02-22 21:41:19.147] [FATAL] cheese - Cheese was breeding ground for listeria.
[2017-02-22 21:42:28.285] [DEBUG] cheese - Got cheese.
[2017-02-22 21:42:28.303] [INFO] cheese - Cheese is Gouda.
[2017-02-22 21:42:28.304] [WARN] cheese - Cheese is quite smelly.
[2017-02-22 21:42:28.305] [ERROR] cheese - Cheese is too ripe!
[2017-02-22 21:42:28.305] [FATAL] cheese - Cheese was breeding ground for listeria.
[2017-02-23 00:47:02.421] [DEBUG] cheese - Got cheese.
[2017-02-23 00:47:02.429] [INFO] cheese - Cheese is Gouda.
[2017-02-23 00:47:02.430] [WARN] cheese - Cheese is quite smelly.
[2017-02-23 00:47:02.430] [ERROR] cheese - Cheese is too ripe!
[2017-02-23 00:47:02.430] [FATAL] cheese - Cheese was breeding ground for listeria.
[2017-02-23 00:54:17.093] [DEBUG] cheese - Got cheese.
[2017-02-23 00:54:17.103] [INFO] cheese - Cheese is Gouda.
[2017-02-23 00:54:17.104] [WARN] cheese - Cheese is quite smelly.
[2017-02-23 00:54:17.104] [ERROR] cheese - Cheese is too ripe!
[2017-02-23 00:54:17.104] [FATAL] cheese - Cheese was breeding ground for listeria.
[2017-02-23 00:58:18.561] [DEBUG] cheese - Got cheese.
[2017-02-23 00:58:18.571] [INFO] cheese - Cheese is Gouda.
[2017-02-23 00:58:18.572] [WARN] cheese - Cheese is quite smelly.
[2017-02-23 00:58:18.572] [ERROR] cheese - Cheese is too ripe!
[2017-02-23 00:58:18.572] [FATAL] cheese - Cheese was breeding ground for listeria.
[2017-02-23 01:00:24.357] [DEBUG] cheese - Got cheese.
[2017-02-23 01:00:24.364] [INFO] cheese - Cheese is Gouda.
[2017-02-23 01:00:24.365] [WARN] cheese - Cheese is quite smelly.
[2017-02-23 01:00:50.346] [DEBUG] cheese - Got cheese.
[2017-02-23 01:00:50.354] [INFO] cheese - Cheese is Gouda.
[2017-02-23 01:00:50.355] [WARN] cheese - Cheese is quite smelly.
[2017-02-23 01:00:50.356] [ERROR] cheese - Cheese is too ripe!
[2017-02-23 01:00:50.356] [FATAL] cheese - Cheese was breeding ground for listeria.
[2017-02-23 01:01:51.330] [DEBUG] cheese - Got cheese.
[2017-02-23 01:01:51.339] [INFO] cheese - Cheese is Gouda.
[2017-02-23 01:01:51.340] [WARN] cheese - Cheese is quite smelly.
[2017-02-23 01:01:51.340] [ERROR] cheese - Cheese is too ripe!
[2017-02-23 01:01:51.340] [FATAL] cheese - Cheese was breeding ground for listeria.
[2017-02-23 01:02:10.298] [DEBUG] cheese - Got cheese.
[2017-02-23 01:02:10.305] [INFO] cheese - Cheese is Gouda.
[2017-02-23 01:02:10.306] [WARN] cheese - Cheese is quite smelly.
[2017-02-23 01:02:10.306] [ERROR] cheese - Cheese is too ripe!
[2017-02-23 01:02:10.306] [FATAL] cheese - Cheese was breeding ground for listeria.
[2017-02-23 01:02:10.972] [ERROR] cheese - Got cheese.
[2017-02-23 01:23:46.374] [DEBUG] cheese - ERROR : error : unable to connect to mongo
[2017-02-23 01:25:15.177] [DEBUG] cheese - DEBUG : connected to mongo..
[2017-02-23 01:28:01.585] [DEBUG] cheese - DEBUG : connected to mongo..
